android/app/build/intermediates/manifest_merge_blame_file/debug/manifest-merger-blame-debug-report.txt
1<?xml version="1.0" encoding="utf-8"?>
2<manifest xmlns:android="http://schemas.android.com/apk/res/android"
3    package="com.TuneGether"
4    android:versionCode="1"
5    android:versionName="1.0.0" >
6
7    <uses-sdk
8        android:minSdkVersion="23"
9        android:targetSdkVersion="34" />
10
11    <uses-permission android:name="android.permission.SYSTEM_ALERT_WINDOW" />
11-->src/main/AndroidManifest.xml:4:3-75
11-->src/main/AndroidManifest.xml:4:20-73
12    <uses-permission android:name="android.permission.INTERNET" />
12-->src/main/AndroidManifest.xml:2:3-64
12-->src/main/AndroidManifest.xml:2:20-62
13    <uses-permission android:name="android.permission.READ_EXTERNAL_STORAGE" />
13-->src/main/AndroidManifest.xml:3:3-77
13-->src/main/AndroidManifest.xml:3:20-75
14    <uses-permission android:name="android.permission.VIBRATE" />
14-->src/main/AndroidManifest.xml:5:3-63
14-->src/main/AndroidManifest.xml:5:20-61
15    <uses-permission android:name="android.permission.WRITE_EXTERNAL_STORAGE" />
15-->src/main/AndroidManifest.xml:6:3-78
15-->src/main/AndroidManifest.xml:6:20-76
16
17    <queries>
17-->src/main/AndroidManifest.xml:7:3-13:13
18        <intent>
18-->src/main/AndroidManifest.xml:8:5-12:14
19            <action android:name="android.intent.action.VIEW" />
19-->src/main/AndroidManifest.xml:9:7-58
19-->src/main/AndroidManifest.xml:9:15-56
20
21            <category android:name="android.intent.category.BROWSABLE" />
21-->src/main/AndroidManifest.xml:10:7-67
21-->src/main/AndroidManifest.xml:10:17-65
22
23            <data android:scheme="https" />
23-->src/main/AndroidManifest.xml:11:7-37
23-->src/main/AndroidManifest.xml:11:13-35
24        </intent>
25
26        <package android:name="host.exp.exponent" /> <!-- Query open documents -->
26-->[:expo-dev-launcher] AndroidManifest.xml:8:9-53
26-->[:expo-dev-launcher] AndroidManifest.xml:8:18-50
27        <intent>
27-->[:expo-file-system] AndroidManifest.xml:15:9-17:18
28            <action android:name="android.intent.action.OPEN_DOCUMENT_TREE" />
28-->[:expo-file-system] AndroidManifest.xml:16:13-79
28-->[:expo-file-system] AndroidManifest.xml:16:21-76
29        </intent>
30    </queries>
31
32    <uses-permission android:name="android.permission.WAKE_LOCK" />
32-->[:react-native-firebase_auth] AndroidManifest.xml:8:5-68
32-->[:react-native-firebase_auth] AndroidManifest.xml:8:22-65
33    <uses-permission android:name="android.permission.ACCESS_NETWORK_STATE" />
33-->[:react-native-firebase_auth] AndroidManifest.xml:9:5-79
33-->[:react-native-firebase_auth] AndroidManifest.xml:9:22-76
34    <uses-permission android:name="android.permission.POST_NOTIFICATIONS" /> <!-- Required by older versions of Google Play services to create IID tokens -->
34-->[com.google.firebase:firebase-messaging:24.0.0] AndroidManifest.xml:23:5-77
34-->[com.google.firebase:firebase-messaging:24.0.0] AndroidManifest.xml:23:22-74
35    <uses-permission android:name="com.google.android.c2dm.permission.RECEIVE" />
35-->[com.google.firebase:firebase-messaging:24.0.0] AndroidManifest.xml:26:5-82
35-->[com.google.firebase:firebase-messaging:24.0.0] AndroidManifest.xml:26:22-79
36    <uses-permission android:name="com.google.android.providers.gsf.permission.READ_GSERVICES" />
36-->[com.google.android.recaptcha:recaptcha:18.4.0] AndroidManifest.xml:9:5-98
36-->[com.google.android.recaptcha:recaptcha:18.4.0] AndroidManifest.xml:9:22-95
37
38    <permission
38-->[androidx.core:core:1.12.0] AndroidManifest.xml:22:5-24:47
39        android:name="com.TuneGether.DYNAMIC_RECEIVER_NOT_EXPORTED_PERMISSION"
39-->[androidx.core:core:1.12.0] AndroidManifest.xml:23:9-81
40        android:protectionLevel="signature" />
40-->[androidx.core:core:1.12.0] AndroidManifest.xml:24:9-44
41
42    <uses-permission android:name="com.TuneGether.DYNAMIC_RECEIVER_NOT_EXPORTED_PERMISSION" />
42-->[androidx.core:core:1.12.0] AndroidManifest.xml:26:5-97
42-->[androidx.core:core:1.12.0] AndroidManifest.xml:26:22-94
43
44    <application
44-->src/main/AndroidManifest.xml:14:3-32:17
45        android:name="com.TuneGether.MainApplication"
45-->src/main/AndroidManifest.xml:14:16-47
46        android:allowBackup="true"
46-->src/main/AndroidManifest.xml:14:162-188
47        android:appComponentFactory="androidx.core.app.CoreComponentFactory"
47-->[androidx.core:core:1.12.0] AndroidManifest.xml:28:18-86
48        android:debuggable="true"
49        android:extractNativeLibs="false"
50        android:icon="@mipmap/ic_launcher"
50-->src/main/AndroidManifest.xml:14:81-115
51        android:label="@string/app_name"
51-->src/main/AndroidManifest.xml:14:48-80
52        android:roundIcon="@mipmap/ic_launcher_round"
52-->src/main/AndroidManifest.xml:14:116-161
53        android:theme="@style/AppTheme"
53-->src/main/AndroidManifest.xml:14:189-220
54        android:usesCleartextTraffic="true" >
54-->src/debug/AndroidManifest.xml:6:18-53
55        <meta-data
55-->src/main/AndroidManifest.xml:15:5-83
56            android:name="expo.modules.updates.ENABLED"
56-->src/main/AndroidManifest.xml:15:16-59
57            android:value="false" />
57-->src/main/AndroidManifest.xml:15:60-81
58        <meta-data
58-->src/main/AndroidManifest.xml:16:5-105
59            android:name="expo.modules.updates.EXPO_UPDATES_CHECK_ON_LAUNCH"
59-->src/main/AndroidManifest.xml:16:16-80
60            android:value="ALWAYS" />
60-->src/main/AndroidManifest.xml:16:81-103
61        <meta-data
61-->src/main/AndroidManifest.xml:17:5-99
62            android:name="expo.modules.updates.EXPO_UPDATES_LAUNCH_WAIT_MS"
62-->src/main/AndroidManifest.xml:17:16-79
63            android:value="0" />
63-->src/main/AndroidManifest.xml:17:80-97
64
65        <activity
65-->src/main/AndroidManifest.xml:18:5-30:16
66            android:name="com.TuneGether.MainActivity"
66-->src/main/AndroidManifest.xml:18:15-43
67            android:configChanges="keyboard|keyboardHidden|orientation|screenSize|screenLayout|uiMode"
67-->src/main/AndroidManifest.xml:18:44-134
68            android:exported="true"
68-->src/main/AndroidManifest.xml:18:256-279
69            android:launchMode="singleTask"
69-->src/main/AndroidManifest.xml:18:135-166
70            android:screenOrientation="portrait"
70-->src/main/AndroidManifest.xml:18:280-316
71            android:theme="@style/Theme.App.SplashScreen"
71-->src/main/AndroidManifest.xml:18:210-255
72            android:windowSoftInputMode="adjustResize" >
72-->src/main/AndroidManifest.xml:18:167-209
73            <intent-filter>
73-->src/main/AndroidManifest.xml:19:7-22:23
74                <action android:name="android.intent.action.MAIN" />
74-->src/main/AndroidManifest.xml:20:9-60
74-->src/main/AndroidManifest.xml:20:17-58
75
76                <category android:name="android.intent.category.LAUNCHER" />
76-->src/main/AndroidManifest.xml:21:9-68
76-->src/main/AndroidManifest.xml:21:19-66
77            </intent-filter>
78            <intent-filter>
78-->src/main/AndroidManifest.xml:23:7-29:23
79                <action android:name="android.intent.action.VIEW" />
79-->src/main/AndroidManifest.xml:9:7-58
79-->src/main/AndroidManifest.xml:9:15-56
80
81                <category android:name="android.intent.category.DEFAULT" />
81-->src/main/AndroidManifest.xml:25:9-67
81-->src/main/AndroidManifest.xml:25:19-65
82                <category android:name="android.intent.category.BROWSABLE" />
82-->src/main/AndroidManifest.xml:10:7-67
82-->src/main/AndroidManifest.xml:10:17-65
83
84                <data android:scheme="com.TuneGether" />
84-->src/main/AndroidManifest.xml:11:7-37
84-->src/main/AndroidManifest.xml:11:13-35
85                <data android:scheme="exp+tunegether" />
85-->src/main/AndroidManifest.xml:11:7-37
85-->src/main/AndroidManifest.xml:11:13-35
86            </intent-filter>
87        </activity>
88        <activity
88-->src/main/AndroidManifest.xml:31:5-106
89            android:name="com.facebook.react.devsupport.DevSettingsActivity"
89-->src/main/AndroidManifest.xml:31:15-79
90            android:exported="false" /> <!-- Disable crashlytics by default so we can custom init with CrashlyticsNdk support -->
90-->src/main/AndroidManifest.xml:31:80-104
91        <meta-data
91-->[:react-native-firebase_crashlytics] AndroidManifest.xml:10:9-12:37
92            android:name="firebase_crashlytics_collection_enabled"
92-->[:react-native-firebase_crashlytics] AndroidManifest.xml:11:13-67
93            android:value="false" />
93-->[:react-native-firebase_crashlytics] AndroidManifest.xml:12:13-34
94
95        <provider
95-->[:react-native-firebase_crashlytics] AndroidManifest.xml:14:9-18:38
96            android:name="io.invertase.firebase.crashlytics.ReactNativeFirebaseCrashlyticsInitProvider"
96-->[:react-native-firebase_crashlytics] AndroidManifest.xml:15:13-104
97            android:authorities="com.TuneGether.reactnativefirebasecrashlyticsinitprovider"
97-->[:react-native-firebase_crashlytics] AndroidManifest.xml:16:13-94
98            android:exported="false"
98-->[:react-native-firebase_crashlytics] AndroidManifest.xml:17:13-37
99            android:initOrder="98" />
99-->[:react-native-firebase_crashlytics] AndroidManifest.xml:18:13-35
100
101        <service
101-->[:react-native-firebase_messaging] AndroidManifest.xml:12:9-14:40
102            android:name="io.invertase.firebase.messaging.ReactNativeFirebaseMessagingHeadlessService"
102-->[:react-native-firebase_messaging] AndroidManifest.xml:13:13-103
103            android:exported="false" />
103-->[:react-native-firebase_messaging] AndroidManifest.xml:14:13-37
104        <service
104-->[:react-native-firebase_messaging] AndroidManifest.xml:15:9-21:19
105            android:name="io.invertase.firebase.messaging.ReactNativeFirebaseMessagingService"
105-->[:react-native-firebase_messaging] AndroidManifest.xml:16:13-95
106            android:exported="false" >
106-->[:react-native-firebase_messaging] AndroidManifest.xml:17:13-37
107            <intent-filter>
107-->[:react-native-firebase_messaging] AndroidManifest.xml:18:13-20:29
108                <action android:name="com.google.firebase.MESSAGING_EVENT" />
108-->[:react-native-firebase_messaging] AndroidManifest.xml:19:17-78
108-->[:react-native-firebase_messaging] AndroidManifest.xml:19:25-75
109            </intent-filter>
110        </service>
111
112        <receiver
112-->[:react-native-firebase_messaging] AndroidManifest.xml:23:9-30:20
113            android:name="io.invertase.firebase.messaging.ReactNativeFirebaseMessagingReceiver"
113-->[:react-native-firebase_messaging] AndroidManifest.xml:24:13-96
114            android:exported="true"
114-->[:react-native-firebase_messaging] AndroidManifest.xml:25:13-36
115            android:permission="com.google.android.c2dm.permission.SEND" >
115-->[:react-native-firebase_messaging] AndroidManifest.xml:26:13-73
116            <intent-filter>
116-->[:react-native-firebase_messaging] AndroidManifest.xml:27:13-29:29
117                <action android:name="com.google.android.c2dm.intent.RECEIVE" />
117-->[:react-native-firebase_messaging] AndroidManifest.xml:28:17-81
117-->[:react-native-firebase_messaging] AndroidManifest.xml:28:25-78
118            </intent-filter>
119        </receiver>
120
121        <meta-data
121-->[:react-native-firebase_messaging] AndroidManifest.xml:32:9-34:36
122            android:name="firebase_messaging_auto_init_enabled"
122-->[:react-native-firebase_messaging] AndroidManifest.xml:33:13-64
123            android:value="true" />
123-->[:react-native-firebase_messaging] AndroidManifest.xml:34:13-33
124        <meta-data
124-->[:react-native-firebase_messaging] AndroidManifest.xml:35:9-37:32
125            android:name="com.google.firebase.messaging.default_notification_channel_id"
125-->[:react-native-firebase_messaging] AndroidManifest.xml:36:13-89
126            android:value="" />
126-->[:react-native-firebase_messaging] AndroidManifest.xml:37:13-29
127        <meta-data
127-->[:react-native-firebase_messaging] AndroidManifest.xml:38:9-40:47
128            android:name="com.google.firebase.messaging.default_notification_color"
128-->[:react-native-firebase_messaging] AndroidManifest.xml:39:13-84
129            android:resource="@color/white" />
129-->[:react-native-firebase_messaging] AndroidManifest.xml:40:13-44
130        <meta-data
130-->[:react-native-firebase_app] AndroidManifest.xml:9:9-11:36
131            android:name="app_data_collection_default_enabled"
131-->[:react-native-firebase_app] AndroidManifest.xml:10:13-63
132            android:value="true" />
132-->[:react-native-firebase_app] AndroidManifest.xml:11:13-33
133
134        <service
134-->[:react-native-firebase_app] AndroidManifest.xml:13:9-21:19
135            android:name="com.google.firebase.components.ComponentDiscoveryService"
135-->[:react-native-firebase_app] AndroidManifest.xml:14:13-84
136            android:directBootAware="true"
136-->[:react-native-firebase_app] AndroidManifest.xml:15:13-43
137            android:exported="false" >
137-->[:react-native-firebase_app] AndroidManifest.xml:16:13-37
138            <meta-data
138-->[:react-native-firebase_app] AndroidManifest.xml:18:13-20:85
139                android:name="com.google.firebase.components:io.invertase.firebase.app.ReactNativeFirebaseAppRegistrar"
139-->[:react-native-firebase_app] AndroidManifest.xml:19:17-120
140                android:value="com.google.firebase.components.ComponentRegistrar" />
140-->[:react-native-firebase_app] AndroidManifest.xml:20:17-82
141            <meta-data
141-->[com.google.firebase:firebase-auth:23.0.0] AndroidManifest.xml:69:13-71:85
142                android:name="com.google.firebase.components:com.google.firebase.auth.FirebaseAuthRegistrar"
142-->[com.google.firebase:firebase-auth:23.0.0] AndroidManifest.xml:70:17-109
143                android:value="com.google.firebase.components.ComponentRegistrar" />
143-->[com.google.firebase:firebase-auth:23.0.0] AndroidManifest.xml:71:17-82
144            <meta-data
144-->[com.google.firebase:firebase-messaging:24.0.0] AndroidManifest.xml:57:13-59:85
145                android:name="com.google.firebase.components:com.google.firebase.messaging.FirebaseMessagingKtxRegistrar"
145-->[com.google.firebase:firebase-messaging:24.0.0] AndroidManifest.xml:58:17-122
146                android:value="com.google.firebase.components.ComponentRegistrar" />
146-->[com.google.firebase:firebase-messaging:24.0.0] AndroidManifest.xml:59:17-82
147            <meta-data
147-->[com.google.firebase:firebase-messaging:24.0.0] AndroidManifest.xml:60:13-62:85
148                android:name="com.google.firebase.components:com.google.firebase.messaging.FirebaseMessagingRegistrar"
148-->[com.google.firebase:firebase-messaging:24.0.0] AndroidManifest.xml:61:17-119
149                android:value="com.google.firebase.components.ComponentRegistrar" />
149-->[com.google.firebase:firebase-messaging:24.0.0] AndroidManifest.xml:62:17-82
150            <meta-data
150-->[com.google.firebase:firebase-storage:21.0.0] AndroidManifest.xml:30:13-32:85
151                android:name="com.google.firebase.components:com.google.firebase.storage.FirebaseStorageKtxRegistrar"
151-->[com.google.firebase:firebase-storage:21.0.0] AndroidManifest.xml:31:17-118
152                android:value="com.google.firebase.components.ComponentRegistrar" />
152-->[com.google.firebase:firebase-storage:21.0.0] AndroidManifest.xml:32:17-82
153            <meta-data
153-->[com.google.firebase:firebase-storage:21.0.0] AndroidManifest.xml:33:13-35:85
154                android:name="com.google.firebase.components:com.google.firebase.storage.StorageRegistrar"
154-->[com.google.firebase:firebase-storage:21.0.0] AndroidManifest.xml:34:17-107
155                android:value="com.google.firebase.components.ComponentRegistrar" />
155-->[com.google.firebase:firebase-storage:21.0.0] AndroidManifest.xml:35:17-82
156            <meta-data
156-->[com.google.firebase:firebase-database:21.0.0] AndroidManifest.xml:29:13-31:85
157                android:name="com.google.firebase.components:com.google.firebase.database.FirebaseDatabaseKtxRegistrar"
157-->[com.google.firebase:firebase-database:21.0.0] AndroidManifest.xml:30:17-120
158                android:value="com.google.firebase.components.ComponentRegistrar" />
158-->[com.google.firebase:firebase-database:21.0.0] AndroidManifest.xml:31:17-82
159            <meta-data
159-->[com.google.firebase:firebase-database:21.0.0] AndroidManifest.xml:32:13-34:85
160                android:name="com.google.firebase.components:com.google.firebase.database.DatabaseRegistrar"
160-->[com.google.firebase:firebase-database:21.0.0] AndroidManifest.xml:33:17-109
161                android:value="com.google.firebase.components.ComponentRegistrar" />
161-->[com.google.firebase:firebase-database:21.0.0] AndroidManifest.xml:34:17-82
162            <meta-data
162-->[com.google.firebase:firebase-appcheck:18.0.0] AndroidManifest.xml:25:13-27:85
163                android:name="com.google.firebase.components:com.google.firebase.appcheck.FirebaseAppCheckKtxRegistrar"
163-->[com.google.firebase:firebase-appcheck:18.0.0] AndroidManifest.xml:26:17-120
164                android:value="com.google.firebase.components.ComponentRegistrar" />
164-->[com.google.firebase:firebase-appcheck:18.0.0] AndroidManifest.xml:27:17-82
165            <meta-data
165-->[com.google.firebase:firebase-appcheck:18.0.0] AndroidManifest.xml:28:13-30:85
166                android:name="com.google.firebase.components:com.google.firebase.appcheck.FirebaseAppCheckRegistrar"
166-->[com.google.firebase:firebase-appcheck:18.0.0] AndroidManifest.xml:29:17-117
167                android:value="com.google.firebase.components.ComponentRegistrar" />
167-->[com.google.firebase:firebase-appcheck:18.0.0] AndroidManifest.xml:30:17-82
168            <meta-data
168-->[com.google.firebase:firebase-crashlytics-ndk:19.0.0] AndroidManifest.xml:32:13-34:85
169                android:name="com.google.firebase.components:com.google.firebase.crashlytics.ndk.CrashlyticsNdkRegistrar"
169-->[com.google.firebase:firebase-crashlytics-ndk:19.0.0] AndroidManifest.xml:33:17-122
170                android:value="com.google.firebase.components.ComponentRegistrar" />
170-->[com.google.firebase:firebase-crashlytics-ndk:19.0.0] AndroidManifest.xml:34:17-82
171            <meta-data
171-->[com.google.firebase:firebase-crashlytics:19.0.0] AndroidManifest.xml:15:13-17:85
172                android:name="com.google.firebase.components:com.google.firebase.crashlytics.FirebaseCrashlyticsKtxRegistrar"
172-->[com.google.firebase:firebase-crashlytics:19.0.0] AndroidManifest.xml:16:17-126
173                android:value="com.google.firebase.components.ComponentRegistrar" />
173-->[com.google.firebase:firebase-crashlytics:19.0.0] AndroidManifest.xml:17:17-82
174            <meta-data
174-->[com.google.firebase:firebase-crashlytics:19.0.0] AndroidManifest.xml:18:13-20:85
175                android:name="com.google.firebase.components:com.google.firebase.crashlytics.CrashlyticsRegistrar"
175-->[com.google.firebase:firebase-crashlytics:19.0.0] AndroidManifest.xml:19:17-115
176                android:value="com.google.firebase.components.ComponentRegistrar" />
176-->[com.google.firebase:firebase-crashlytics:19.0.0] AndroidManifest.xml:20:17-82
177            <meta-data
177-->[com.google.firebase:firebase-sessions:2.0.0] AndroidManifest.xml:29:13-31:85
178                android:name="com.google.firebase.components:com.google.firebase.sessions.FirebaseSessionsRegistrar"
178-->[com.google.firebase:firebase-sessions:2.0.0] AndroidManifest.xml:30:17-117
179                android:value="com.google.firebase.components.ComponentRegistrar" />
179-->[com.google.firebase:firebase-sessions:2.0.0] AndroidManifest.xml:31:17-82
180            <meta-data
180-->[com.google.firebase:firebase-installations:18.0.0] AndroidManifest.xml:15:13-17:85
181                android:name="com.google.firebase.components:com.google.firebase.installations.FirebaseInstallationsKtxRegistrar"
181-->[com.google.firebase:firebase-installations:18.0.0] AndroidManifest.xml:16:17-130
182                android:value="com.google.firebase.components.ComponentRegistrar" />
182-->[com.google.firebase:firebase-installations:18.0.0] AndroidManifest.xml:17:17-82
183            <meta-data
183-->[com.google.firebase:firebase-installations:18.0.0] AndroidManifest.xml:18:13-20:85
184                android:name="com.google.firebase.components:com.google.firebase.installations.FirebaseInstallationsRegistrar"
184-->[com.google.firebase:firebase-installations:18.0.0] AndroidManifest.xml:19:17-127
185                android:value="com.google.firebase.components.ComponentRegistrar" />
185-->[com.google.firebase:firebase-installations:18.0.0] AndroidManifest.xml:20:17-82
186            <meta-data
186-->[com.google.firebase:firebase-common-ktx:21.0.0] AndroidManifest.xml:12:13-14:85
187                android:name="com.google.firebase.components:com.google.firebase.ktx.FirebaseCommonLegacyRegistrar"
187-->[com.google.firebase:firebase-common-ktx:21.0.0] AndroidManifest.xml:13:17-116
188                android:value="com.google.firebase.components.ComponentRegistrar" />
188-->[com.google.firebase:firebase-common-ktx:21.0.0] AndroidManifest.xml:14:17-82
189            <meta-data
189-->[com.google.firebase:firebase-common:21.0.0] AndroidManifest.xml:35:13-37:85
190                android:name="com.google.firebase.components:com.google.firebase.FirebaseCommonKtxRegistrar"
190-->[com.google.firebase:firebase-common:21.0.0] AndroidManifest.xml:36:17-109
191                android:value="com.google.firebase.components.ComponentRegistrar" />
191-->[com.google.firebase:firebase-common:21.0.0] AndroidManifest.xml:37:17-82
192            <meta-data
192-->[com.google.firebase:firebase-datatransport:18.2.0] AndroidManifest.xml:25:13-27:85
193                android:name="com.google.firebase.components:com.google.firebase.datatransport.TransportRegistrar"
193-->[com.google.firebase:firebase-datatransport:18.2.0] AndroidManifest.xml:26:17-115
194                android:value="com.google.firebase.components.ComponentRegistrar" />
194-->[com.google.firebase:firebase-datatransport:18.2.0] AndroidManifest.xml:27:17-82
195        </service>
196
197        <provider
197-->[:react-native-firebase_app] AndroidManifest.xml:23:9-27:38
198            android:name="io.invertase.firebase.app.ReactNativeFirebaseAppInitProvider"
198-->[:react-native-firebase_app] AndroidManifest.xml:24:13-88
199            android:authorities="com.TuneGether.reactnativefirebaseappinitprovider"
199-->[:react-native-firebase_app] AndroidManifest.xml:25:13-86
200            android:exported="false"
200-->[:react-native-firebase_app] AndroidManifest.xml:26:13-37
201            android:initOrder="99" />
201-->[:react-native-firebase_app] AndroidManifest.xml:27:13-35
202
203        <activity
203-->[:expo-dev-launcher] AndroidManifest.xml:12:9-25:20
204            android:name="expo.modules.devlauncher.launcher.DevLauncherActivity"
204-->[:expo-dev-launcher] AndroidManifest.xml:13:13-81
205            android:exported="true"
205-->[:expo-dev-launcher] AndroidManifest.xml:14:13-36
206            android:launchMode="singleTask"
206-->[:expo-dev-launcher] AndroidManifest.xml:15:13-44
207            android:theme="@style/Theme.DevLauncher.LauncherActivity" >
207-->[:expo-dev-launcher] AndroidManifest.xml:16:13-70
208            <intent-filter>
208-->[:expo-dev-launcher] AndroidManifest.xml:17:13-24:29
209                <action android:name="android.intent.action.VIEW" />
209-->src/main/AndroidManifest.xml:9:7-58
209-->src/main/AndroidManifest.xml:9:15-56
210
211                <category android:name="android.intent.category.DEFAULT" />
211-->src/main/AndroidManifest.xml:25:9-67
211-->src/main/AndroidManifest.xml:25:19-65
212                <category android:name="android.intent.category.BROWSABLE" />
212-->src/main/AndroidManifest.xml:10:7-67
212-->src/main/AndroidManifest.xml:10:17-65
213
214                <data android:scheme="expo-dev-launcher" />
214-->src/main/AndroidManifest.xml:11:7-37
214-->src/main/AndroidManifest.xml:11:13-35
215            </intent-filter>
216        </activity>
217        <activity
217-->[:expo-dev-launcher] AndroidManifest.xml:26:9-29:70
218            android:name="expo.modules.devlauncher.launcher.errors.DevLauncherErrorActivity"
218-->[:expo-dev-launcher] AndroidManifest.xml:27:13-93
219            android:screenOrientation="portrait"
219-->[:expo-dev-launcher] AndroidManifest.xml:28:13-49
220            android:theme="@style/Theme.DevLauncher.ErrorActivity" />
220-->[:expo-dev-launcher] AndroidManifest.xml:29:13-67
221        <activity
221-->[:expo-dev-menu] AndroidManifest.xml:8:9-21:20
222            android:name="expo.modules.devmenu.DevMenuActivity"
222-->[:expo-dev-menu] AndroidManifest.xml:9:13-64
223            android:exported="true"
223-->[:expo-dev-menu] AndroidManifest.xml:10:13-36
224            android:launchMode="singleTask"
224-->[:expo-dev-menu] AndroidManifest.xml:11:13-44
225            android:theme="@style/Theme.AppCompat.Transparent.NoActionBar" >
225-->[:expo-dev-menu] AndroidManifest.xml:12:13-75
226            <intent-filter>
226-->[:expo-dev-menu] AndroidManifest.xml:13:13-20:29
227                <action android:name="android.intent.action.VIEW" />
227-->src/main/AndroidManifest.xml:9:7-58
227-->src/main/AndroidManifest.xml:9:15-56
228
229                <category android:name="android.intent.category.DEFAULT" />
229-->src/main/AndroidManifest.xml:25:9-67
229-->src/main/AndroidManifest.xml:25:19-65
230                <category android:name="android.intent.category.BROWSABLE" />
230-->src/main/AndroidManifest.xml:10:7-67
230-->src/main/AndroidManifest.xml:10:17-65
231
232                <data android:scheme="expo-dev-menu" />
232-->src/main/AndroidManifest.xml:11:7-37
232-->src/main/AndroidManifest.xml:11:13-35
233            </intent-filter>
234        </activity>
235
236        <provider
236-->[:expo-file-system] AndroidManifest.xml:21:9-30:20
237            android:name="expo.modules.filesystem.FileSystemFileProvider"
237-->[:expo-file-system] AndroidManifest.xml:22:13-74
238            android:authorities="com.TuneGether.FileSystemFileProvider"
238-->[:expo-file-system] AndroidManifest.xml:23:13-74
239            android:exported="false"
239-->[:expo-file-system] AndroidManifest.xml:24:13-37
240            android:grantUriPermissions="true" >
240-->[:expo-file-system] AndroidManifest.xml:25:13-47
241            <meta-data
241-->[:expo-file-system] AndroidManifest.xml:27:13-29:70
242                android:name="android.support.FILE_PROVIDER_PATHS"
242-->[:expo-file-system] AndroidManifest.xml:28:17-67
243                android:resource="@xml/file_system_provider_paths" />
243-->[:expo-file-system] AndroidManifest.xml:29:17-67
244        </provider>
245
246        <meta-data
246-->[:expo-modules-core] AndroidManifest.xml:9:9-11:89
247            android:name="org.unimodules.core.AppLoader#react-native-headless"
247-->[:expo-modules-core] AndroidManifest.xml:10:13-79
248            android:value="expo.modules.adapters.react.apploader.RNHeadlessAppLoader" />
248-->[:expo-modules-core] AndroidManifest.xml:11:13-86
249        <meta-data
249-->[:expo-modules-core] AndroidManifest.xml:12:9-15:45
250            android:name="com.facebook.soloader.enabled"
250-->[:expo-modules-core] AndroidManifest.xml:13:13-57
251            android:value="true" />
251-->[:expo-modules-core] AndroidManifest.xml:14:13-33
252
253        <activity
253-->[com.google.firebase:firebase-auth:23.0.0] AndroidManifest.xml:29:9-46:20
254            android:name="com.google.firebase.auth.internal.GenericIdpActivity"
254-->[com.google.firebase:firebase-auth:23.0.0] AndroidManifest.xml:30:13-80
255            android:excludeFromRecents="true"
255-->[com.google.firebase:firebase-auth:23.0.0] AndroidManifest.xml:31:13-46
256            android:exported="true"
256-->[com.google.firebase:firebase-auth:23.0.0] AndroidManifest.xml:32:13-36
257            android:launchMode="singleTask"
257-->[com.google.firebase:firebase-auth:23.0.0] AndroidManifest.xml:33:13-44
258            android:theme="@android:style/Theme.Translucent.NoTitleBar" >
258-->[com.google.firebase:firebase-auth:23.0.0] AndroidManifest.xml:34:13-72
259            <intent-filter>
259-->[com.google.firebase:firebase-auth:23.0.0] AndroidManifest.xml:35:13-45:29
260                <action android:name="android.intent.action.VIEW" />
260-->src/main/AndroidManifest.xml:9:7-58
260-->src/main/AndroidManifest.xml:9:15-56
261
262                <category android:name="android.intent.category.DEFAULT" />
262-->src/main/AndroidManifest.xml:25:9-67
262-->src/main/AndroidManifest.xml:25:19-65
263                <category android:name="android.intent.category.BROWSABLE" />
263-->src/main/AndroidManifest.xml:10:7-67
263-->src/main/AndroidManifest.xml:10:17-65
264
265                <data
265-->src/main/AndroidManifest.xml:11:7-37
266                    android:host="firebase.auth"
267                    android:path="/"
268                    android:scheme="genericidp" />
268-->src/main/AndroidManifest.xml:11:13-35
269            </intent-filter>
270        </activity>
271        <activity
271-->[com.google.firebase:firebase-auth:23.0.0] AndroidManifest.xml:47:9-64:20
272            android:name="com.google.firebase.auth.internal.RecaptchaActivity"
272-->[com.google.firebase:firebase-auth:23.0.0] AndroidManifest.xml:48:13-79
273            android:excludeFromRecents="true"
273-->[com.google.firebase:firebase-auth:23.0.0] AndroidManifest.xml:49:13-46
274            android:exported="true"
274-->[com.google.firebase:firebase-auth:23.0.0] AndroidManifest.xml:50:13-36
275            android:launchMode="singleTask"
275-->[com.google.firebase:firebase-auth:23.0.0] AndroidManifest.xml:51:13-44